

> aura-components@0.1.1 build
> vite build && npm run build:css && npm run build:types && node scripts/reorganize-types.mjs && node scripts/generate-manifest.mjs

[1G[0K[36mvite v5.4.21 [32mbuilding for production...[36m[39m
[2K[1Gtransforming (1) [2msrc/components/button/index.ts[22m[2K[1Gtransforming (37) [2msrc/components/tabs/tabs.ts[22m[2K[1Gtransforming (169) [2msrc/components/chart/chart-tooltip.ts[22m[2K[1Gtransforming (264) [2msrc/components/number-field/number-field-logic.ts[22m[2K[1G[32m✓[39m 311 modules transformed.
[2K[1Grendering chunks (1)...[2K[1Grendering chunks (2)...[2K[1Grendering chunks (3)...[2K[1Grendering chunks (4)...[2K[1Grendering chunks (5)...[2K[1Grendering chunks (6)...[2K[1Grendering chunks (7)...[2K[1Grendering chunks (8)...[2K[1Grendering chunks (9)...[2K[1Grendering chunks (10)...[2K[1Grendering chunks (11)...[2K[1Grendering chunks (12)...[2K[1Grendering chunks (13)...[2K[1Grendering chunks (14)...[2K[1Grendering chunks (15)...[2K[1Grendering chunks (16)...[2K[1Grendering chunks (17)...[2K[1Grendering chunks (18)...[2K[1Grendering chunks (19)...[2K[1Grendering chunks (20)...[2K[1Grendering chunks (21)...[2K[1Grendering chunks (22)...[2K[1Grendering chunks (23)...[2K[1Grendering chunks (24)...[2K[1Grendering chunks (25)...[2K[1Grendering chunks (26)...[2K[1Grendering chunks (27)...[2K[1Grendering chunks (28)...[2K[1Grendering chunks (29)...[2K[1Grendering chunks (30)...[2K[1Grendering chunks (31)...[2K[1Grendering chunks (32)...[2K[1Grendering chunks (33)...[2K[1Grendering chunks (34)...[2K[1Grendering chunks (35)...[2K[1Grendering chunks (36)...[2K[1Grendering chunks (37)...[2K[1Grendering chunks (38)...[2K[1Grendering chunks (39)...[2K[1Grendering chunks (40)...[2K[1G[2K[1Gcomputing gzip size (0)...[2K[1Gcomputing gzip size (1)...[2K[1Gcomputing gzip size (2)...[2K[1Gcomputing gzip size (3)...[2K[1Gcomputing gzip size (4)...[2K[1Gcomputing gzip size (5)...[2K[1Gcomputing gzip size (6)...[2K[1Gcomputing gzip size (7)...[2K[1Gcomputing gzip size (8)...[2K[1Gcomputing gzip size (9)...[2K[1Gcomputing gzip size (10)...[2K[1Gcomputing gzip size (11)...[2K[1Gcomputing gzip size (12)...[2K[1Gcomputing gzip size (13)...[2K[1Gcomputing gzip size (14)...[2K[1Gcomputing gzip size (15)...[2K[1Gcomputing gzip size (16)...[2K[1Gcomputing gzip size (17)...[2K[1Gcomputing gzip size (18)...[2K[1Gcomputing gzip size (19)...[2K[1Gcomputing gzip size (20)...[2K[1Gcomputing gzip size (21)...[2K[1Gcomputing gzip size (22)...[2K[1Gcomputing gzip size (23)...[2K[1Gcomputing gzip size (24)...[2K[1Gcomputing gzip size (25)...[2K[1Gcomputing gzip size (26)...[2K[1Gcomputing gzip size (27)...[2K[1Gcomputing gzip size (28)...[2K[1Gcomputing gzip size (29)...[2K[1Gcomputing gzip size (30)...[2K[1Gcomputing gzip size (31)...[2K[1Gcomputing gzip size (32)...[2K[1Gcomputing gzip size (33)...[2K[1Gcomputing gzip size (34)...[2K[1Gcomputing gzip size (35)...[2K[1Gcomputing gzip size (36)...[2K[1Gcomputing gzip size (37)...[2K[1Gcomputing gzip size (38)...[2K[1Gcomputing gzip size (39)...[2K[1Gcomputing gzip size (40)...[2K[1G[2mdist/[22m[36mcheckbox/index.js                [39m[1m[2m 0.09 kB[22m[1m[22m[2m │ gzip:  0.09 kB[22m
[2mdist/[22m[36mbutton/index.js                  [39m[1m[2m 0.10 kB[22m[1m[22m[2m │ gzip:  0.10 kB[22m
[2mdist/[22m[36mpanel/index.js                   [39m[1m[2m 0.10 kB[22m[1m[22m[2m │ gzip:  0.11 kB[22m
[2mdist/[22m[36mtabs/index.js                    [39m[1m[2m 0.10 kB[22m[1m[22m[2m │ gzip:  0.10 kB[22m
[2mdist/[22m[36mlistbox/index.js                 [39m[1m[2m 0.11 kB[22m[1m[22m[2m │ gzip:  0.11 kB[22m
[2mdist/[22m[36mdialog/index.js                  [39m[1m[2m 0.11 kB[22m[1m[22m[2m │ gzip:  0.11 kB[22m
[2mdist/[22m[36mform/index.js                    [39m[1m[2m 0.12 kB[22m[1m[22m[2m │ gzip:  0.11 kB[22m
[2mdist/[22m[36mtoolbar/index.js                 [39m[1m[2m 0.12 kB[22m[1m[22m[2m │ gzip:  0.12 kB[22m
[2mdist/[22m[36mcombobox/index.js                [39m[1m[2m 0.12 kB[22m[1m[22m[2m │ gzip:  0.12 kB[22m
[2mdist/[22m[36mlayout/index.js                  [39m[1m[2m 0.16 kB[22m[1m[22m[2m │ gzip:  0.14 kB[22m
[2mdist/[22m[36mtextfield/index.js               [39m[1m[2m 0.16 kB[22m[1m[22m[2m │ gzip:  0.13 kB[22m
[2mdist/[22m[36mnumberfield/index.js             [39m[1m[2m 0.17 kB[22m[1m[22m[2m │ gzip:  0.14 kB[22m
[2mdist/[22m[36mdatepicker/index.js              [39m[1m[2m 0.30 kB[22m[1m[22m[2m │ gzip:  0.20 kB[22m
[2mdist/[22m[36mchart/index.js                   [39m[1m[2m 0.36 kB[22m[1m[22m[2m │ gzip:  0.23 kB[22m
[2mdist/[22m[36mgrid/index.js                    [39m[1m[2m 0.69 kB[22m[1m[22m[2m │ gzip:  0.32 kB[22m
[2mdist/[22m[36mdestroyable-element-B05IC170.js  [39m[1m[2m 0.87 kB[22m[1m[22m[2m │ gzip:  0.47 kB[22m
[2mdist/[22m[36mpanel-NODOH4Hd.js                [39m[1m[2m 1.53 kB[22m[1m[22m[2m │ gzip:  0.75 kB[22m
[2mdist/[22m[36mlabel/index.js                   [39m[1m[2m 1.67 kB[22m[1m[22m[2m │ gzip:  0.70 kB[22m
[2mdist/[22m[36mtoolbar-builder-ClRoOgCR.js      [39m[1m[2m 2.60 kB[22m[1m[22m[2m │ gzip:  0.82 kB[22m
[2mdist/[22m[36mfield-id-COgu1lkb.js             [39m[1m[2m 3.05 kB[22m[1m[22m[2m │ gzip:  1.34 kB[22m
[2mdist/[22m[36mcheckbox-DK9r29oE.js             [39m[1m[2m 3.32 kB[22m[1m[22m[2m │ gzip:  1.21 kB[22m
[2mdist/[22m[36micons-Cq3lvI8e.js                [39m[1m[2m 3.37 kB[22m[1m[22m[2m │ gzip:  1.37 kB[22m
[2mdist/[22m[36mlayout-UV0C_GIK.js               [39m[1m[2m 3.66 kB[22m[1m[22m[2m │ gzip:  1.36 kB[22m
[2mdist/[22m[36mbutton-B05R0pOl.js               [39m[1m[2m 3.99 kB[22m[1m[22m[2m │ gzip:  1.49 kB[22m
[2mdist/[22m[36mform-builder-4TRmKFh3.js         [39m[1m[2m 4.32 kB[22m[1m[22m[2m │ gzip:  1.33 kB[22m
[2mdist/[22m[36mtabs-bQsOIG6g.js                 [39m[1m[2m 4.70 kB[22m[1m[22m[2m │ gzip:  1.56 kB[22m
[2mdist/[22m[36mdialog-OYGLDoWc.js               [39m[1m[2m 5.03 kB[22m[1m[22m[2m │ gzip:  1.71 kB[22m
[2mdist/[22m[36mpopover-DkEm4-_e.js              [39m[1m[2m 6.05 kB[22m[1m[22m[2m │ gzip:  1.73 kB[22m
[2mdist/[22m[36mlistbox-Hc0-tey4.js              [39m[1m[2m 6.74 kB[22m[1m[22m[2m │ gzip:  2.35 kB[22m
[2mdist/[22m[36mtext-field-yYm0Vykf.js           [39m[1m[2m 9.00 kB[22m[1m[22m[2m │ gzip:  2.93 kB[22m
[2mdist/[22m[36mstartWith-D_65pOBO.js            [39m[1m[2m10.08 kB[22m[1m[22m[2m │ gzip:  2.75 kB[22m
[2mdist/[22m[36mcombobox-builder-CW1qYiS9.js     [39m[1m[2m10.41 kB[22m[1m[22m[2m │ gzip:  3.25 kB[22m
[2mdist/[22m[36mnumber-field-C2G2b_YA.js         [39m[1m[2m12.40 kB[22m[1m[22m[2m │ gzip:  3.68 kB[22m
[2mdist/[22m[36mmap-DqDc5iNP.js                  [39m[1m[2m13.06 kB[22m[1m[22m[2m │ gzip:  3.73 kB[22m
[2mdist/[22m[36mdatepicker-builder-j_cRGPqM.js   [39m[1m[2m14.96 kB[22m[1m[22m[2m │ gzip:  4.55 kB[22m
[2mdist/[22m[36mmoney-field-BoKR6h0g.js          [39m[1m[2m19.63 kB[22m[1m[22m[2m │ gzip:  5.78 kB[22m
[2mdist/[22m[36mindex.js                         [39m[1m[2m21.11 kB[22m[1m[22m[2m │ gzip:  6.25 kB[22m
[2mdist/[22m[36mchart-builder-sikujkME.js        [39m[1m[2m30.24 kB[22m[1m[22m[2m │ gzip:  7.70 kB[22m
[2mdist/[22m[36mgrid-builder-By5Tq2MC.js         [39m[1m[2m48.13 kB[22m[1m[22m[2m │ gzip: 11.45 kB[22m
[2mdist/[22m[36mbundle-mjs-C-fAsw3z.js           [39m[1m[2m59.63 kB[22m[1m[22m[2m │ gzip: 10.67 kB[22m
[32m✓ built in 1.66s[39m

> aura-components@0.1.1 build:css
> tailwindcss -i ./src/index.css -o ./dist/a1-components.css --minify

[1G[0KBrowserslist: caniuse-lite is outdated. Please run:
  npx update-browserslist-db@latest
  Why you should do it regularly: https://github.com/browserslist/update-db#readme

Rebuilding...

Done in 742ms.
[1G[0K\[1G[0K
> aura-components@0.1.1 build:types
> tsc -p tsconfig.build.json

[1G[0K[1G[0K\[1G[0K  components/button/button.d.ts → button/button.d.ts
  components/button/index.d.ts → button/index.d.ts
  components/chart/axis-renderer.d.ts → chart/axis-renderer.d.ts
  components/chart/builders/axis-builder.d.ts → chart/builders/axis-builder.d.ts
  components/chart/builders/chart-type-builders.d.ts → chart/builders/chart-type-builders.d.ts
  components/chart/chart-builder.d.ts → chart/chart-builder.d.ts
  components/chart/chart-legend.d.ts → chart/chart-legend.d.ts
  components/chart/chart-logic.d.ts → chart/chart-logic.d.ts
  components/chart/chart-svg-area.d.ts → chart/chart-svg-area.d.ts
  components/chart/chart-tooltip.d.ts → chart/chart-tooltip.d.ts
  components/chart/chart-viewport.d.ts → chart/chart-viewport.d.ts
  components/chart/constants.d.ts → chart/constants.d.ts
  components/chart/index.d.ts → chart/index.d.ts
  components/chart/series-renderer.d.ts → chart/series-renderer.d.ts
  components/chart/styles.d.ts → chart/styles.d.ts
  components/chart/types.d.ts → chart/types.d.ts
  components/checkbox/checkbox.d.ts → checkbox/checkbox.d.ts
  components/checkbox/index.d.ts → checkbox/index.d.ts
  components/combobox/combobox-builder.d.ts → combobox/combobox-builder.d.ts
  components/combobox/combobox-input.d.ts → combobox/combobox-input.d.ts
  components/combobox/combobox-item.d.ts → combobox/combobox-item.d.ts
  components/combobox/combobox-list.d.ts → combobox/combobox-list.d.ts
  components/combobox/index.d.ts → combobox/index.d.ts
  components/combobox/styles.d.ts → combobox/styles.d.ts
  components/combobox/types.d.ts → combobox/types.d.ts
  components/component-parts/error-popover.d.ts → component-parts/error-popover.d.ts
  components/component-parts/field-affix.d.ts → component-parts/field-affix.d.ts
  components/component-parts/field-id.d.ts → component-parts/field-id.d.ts
  components/component-parts/field-label.d.ts → component-parts/field-label.d.ts
  components/component-parts/field-support-text.d.ts → component-parts/field-support-text.d.ts
  components/component-parts/index.d.ts → component-parts/index.d.ts
  components/component-parts/popover.d.ts → component-parts/popover.d.ts
  components/date-picker/calendar.d.ts → datepicker/calendar.d.ts
  components/date-picker/date-utils.d.ts → datepicker/date-utils.d.ts
  components/date-picker/datepicker-builder.d.ts → datepicker/datepicker-builder.d.ts
  components/date-picker/index.d.ts → datepicker/index.d.ts
  components/date-picker/types.d.ts → datepicker/types.d.ts
  components/dialog/dialog.d.ts → dialog/dialog.d.ts
  components/dialog/index.d.ts → dialog/index.d.ts
  components/form/fields-builder.d.ts → form/fields-builder.d.ts
  components/form/form-builder.d.ts → form/form-builder.d.ts
  components/form/index.d.ts → form/index.d.ts
  components/form/styles.d.ts → form/styles.d.ts
  components/form/types.d.ts → form/types.d.ts
  components/grid/actions-builder.d.ts → grid/actions-builder.d.ts
  components/grid/columns/base-column-builder.d.ts → grid/columns/base-column-builder.d.ts
  components/grid/columns/boolean-column.d.ts → grid/columns/boolean-column.d.ts
  components/grid/columns/button-column.d.ts → grid/columns/button-column.d.ts
  components/grid/columns/columns-builder.d.ts → grid/columns/columns-builder.d.ts
  components/grid/columns/custom-column.d.ts → grid/columns/custom-column.d.ts
  components/grid/columns/date-column.d.ts → grid/columns/date-column.d.ts
  components/grid/columns/datetime-column.d.ts → grid/columns/datetime-column.d.ts
  components/grid/columns/enum-column.d.ts → grid/columns/enum-column.d.ts
  components/grid/columns/icon-column.d.ts → grid/columns/icon-column.d.ts
  components/grid/columns/index.d.ts → grid/columns/index.d.ts
  components/grid/columns/money-column.d.ts → grid/columns/money-column.d.ts
  components/grid/columns/number-column.d.ts → grid/columns/number-column.d.ts
  components/grid/columns/percentage-column.d.ts → grid/columns/percentage-column.d.ts
  components/grid/columns/text-column.d.ts → grid/columns/text-column.d.ts
  components/grid/grid-builder.d.ts → grid/grid-builder.d.ts
  components/grid/grid-group-row.d.ts → grid/grid-group-row.d.ts
  components/grid/grid-header.d.ts → grid/grid-header.d.ts
  components/grid/grid-logic.d.ts → grid/grid-logic.d.ts
  components/grid/grid-row.d.ts → grid/grid-row.d.ts
  components/grid/grid-styles.d.ts → grid/grid-styles.d.ts
  components/grid/grid-viewport.d.ts → grid/grid-viewport.d.ts
  components/grid/index.d.ts → grid/index.d.ts
  components/grid/pivot-logic.d.ts → grid/pivot-logic.d.ts
  components/grid/types.d.ts → grid/types.d.ts
  components/label/index.d.ts → label/index.d.ts
  components/label/label.d.ts → label/label.d.ts
  components/layout/index.d.ts → layout/index.d.ts
  components/layout/layout.d.ts → layout/layout.d.ts
  components/listbox/index.d.ts → listbox/index.d.ts
  components/listbox/listbox.d.ts → listbox/listbox.d.ts
  components/listbox/types.d.ts → listbox/types.d.ts
  components/money-field/currency-dropdown.d.ts → money-field/currency-dropdown.d.ts
  components/money-field/index.d.ts → money-field/index.d.ts
  components/money-field/money-field-error.d.ts → money-field/money-field-error.d.ts
  components/money-field/money-field-icon.d.ts → money-field/money-field-icon.d.ts
  components/money-field/money-field-label.d.ts → money-field/money-field-label.d.ts
  components/money-field/money-field-logic.d.ts → money-field/money-field-logic.d.ts
  components/money-field/money-field.d.ts → money-field/money-field.d.ts
  components/multi-select-list/index.d.ts → multi-select-list/index.d.ts
  components/multi-select-list/multi-select-list.d.ts → multi-select-list/multi-select-list.d.ts
  components/multi-select-list/types.d.ts → multi-select-list/types.d.ts
  components/number-field/index.d.ts → numberfield/index.d.ts
  components/number-field/number-field-error.d.ts → numberfield/number-field-error.d.ts
  components/number-field/number-field-icon.d.ts → numberfield/number-field-icon.d.ts
  components/number-field/number-field-label.d.ts → numberfield/number-field-label.d.ts
  components/number-field/number-field-logic.d.ts → numberfield/number-field-logic.d.ts
  components/number-field/number-field.d.ts → numberfield/number-field.d.ts
  components/panel/index.d.ts → panel/index.d.ts
  components/panel/panel.d.ts → panel/panel.d.ts
  components/tabs/index.d.ts → tabs/index.d.ts
  components/tabs/tab-builder.d.ts → tabs/tab-builder.d.ts
  components/tabs/tabs.d.ts → tabs/tabs.d.ts
  components/tabs/types.d.ts → tabs/types.d.ts
  components/text-field/index.d.ts → textfield/index.d.ts
  components/text-field/text-field-error.d.ts → textfield/text-field-error.d.ts
  components/text-field/text-field-icon.d.ts → textfield/text-field-icon.d.ts
  components/text-field/text-field-label.d.ts → textfield/text-field-label.d.ts
  components/text-field/text-field-logic.d.ts → textfield/text-field-logic.d.ts
  components/text-field/text-field.d.ts → textfield/text-field.d.ts
  components/toolbar/index.d.ts → toolbar/index.d.ts
  components/toolbar/styles.d.ts → toolbar/styles.d.ts
  components/toolbar/toolbar-builder.d.ts → toolbar/toolbar-builder.d.ts
  removed dist/components/
  rewrote imports in index.d.ts
Generated manifest with 30 components
[1G[0K\[1G[0K
