

> aura-components@0.1.1 pack:local
> npm run build && npm pack

[1G[0K
> aura-components@0.1.1 build
> vite build && npm run build:css && npm run build:types && node scripts/reorganize-types.mjs && node scripts/generate-manifest.mjs

[1G[0K[36mvite v5.4.21 [32mbuilding for production...[36m[39m
[2K[1Gtransforming (1) [2msrc/components/label/index.ts[22m[2K[1Gtransforming (35) [2msrc/components/chart/chart-svg-area.ts[22m[2K[1Gtransforming (186) [2msrc/components/date-picker/calendar.ts[22m[2K[1G[32m✓[39m 295 modules transformed.
[2K[1Grendering chunks (1)...[2K[1Grendering chunks (2)...[2K[1Grendering chunks (3)...[2K[1Grendering chunks (4)...[2K[1Grendering chunks (5)...[2K[1Grendering chunks (6)...[2K[1Grendering chunks (7)...[2K[1Grendering chunks (8)...[2K[1Grendering chunks (9)...[2K[1Grendering chunks (10)...[2K[1Grendering chunks (11)...[2K[1Grendering chunks (12)...[2K[1Grendering chunks (13)...[2K[1Grendering chunks (14)...[2K[1Grendering chunks (15)...[2K[1Grendering chunks (16)...[2K[1Grendering chunks (17)...[2K[1Grendering chunks (18)...[2K[1Grendering chunks (19)...[2K[1Grendering chunks (20)...[2K[1Grendering chunks (21)...[2K[1Grendering chunks (22)...[2K[1Grendering chunks (23)...[2K[1Grendering chunks (24)...[2K[1Grendering chunks (25)...[2K[1Grendering chunks (26)...[2K[1Grendering chunks (27)...[2K[1Grendering chunks (28)...[2K[1Grendering chunks (29)...[2K[1Grendering chunks (30)...[2K[1Grendering chunks (31)...[2K[1Grendering chunks (32)...[2K[1Grendering chunks (33)...[2K[1Grendering chunks (34)...[2K[1Grendering chunks (35)...[2K[1Grendering chunks (36)...[2K[1Grendering chunks (37)...[2K[1Grendering chunks (38)...[2K[1G[2K[1Gcomputing gzip size (0)...[2K[1Gcomputing gzip size (1)...[2K[1Gcomputing gzip size (2)...[2K[1Gcomputing gzip size (3)...[2K[1Gcomputing gzip size (4)...[2K[1Gcomputing gzip size (5)...[2K[1Gcomputing gzip size (6)...[2K[1Gcomputing gzip size (7)...[2K[1Gcomputing gzip size (8)...[2K[1Gcomputing gzip size (9)...[2K[1Gcomputing gzip size (10)...[2K[1Gcomputing gzip size (11)...[2K[1Gcomputing gzip size (12)...[2K[1Gcomputing gzip size (13)...[2K[1Gcomputing gzip size (14)...[2K[1Gcomputing gzip size (15)...[2K[1Gcomputing gzip size (16)...[2K[1Gcomputing gzip size (17)...[2K[1Gcomputing gzip size (18)...[2K[1Gcomputing gzip size (19)...[2K[1Gcomputing gzip size (20)...[2K[1Gcomputing gzip size (21)...[2K[1Gcomputing gzip size (22)...[2K[1Gcomputing gzip size (23)...[2K[1Gcomputing gzip size (24)...[2K[1Gcomputing gzip size (25)...[2K[1Gcomputing gzip size (26)...[2K[1Gcomputing gzip size (27)...[2K[1Gcomputing gzip size (28)...[2K[1Gcomputing gzip size (29)...[2K[1Gcomputing gzip size (30)...[2K[1Gcomputing gzip size (31)...[2K[1Gcomputing gzip size (32)...[2K[1Gcomputing gzip size (33)...[2K[1Gcomputing gzip size (34)...[2K[1Gcomputing gzip size (35)...[2K[1Gcomputing gzip size (36)...[2K[1Gcomputing gzip size (37)...[2K[1Gcomputing gzip size (38)...[2K[1G[2mdist/[22m[36mcheckbox/index.js                [39m[1m[2m 0.09 kB[22m[1m[22m[2m │ gzip:  0.09 kB[22m
[2mdist/[22m[36mbutton/index.js                  [39m[1m[2m 0.10 kB[22m[1m[22m[2m │ gzip:  0.10 kB[22m
[2mdist/[22m[36mpanel/index.js                   [39m[1m[2m 0.10 kB[22m[1m[22m[2m │ gzip:  0.11 kB[22m
[2mdist/[22m[36mtabs/index.js                    [39m[1m[2m 0.10 kB[22m[1m[22m[2m │ gzip:  0.10 kB[22m
[2mdist/[22m[36mlistbox/index.js                 [39m[1m[2m 0.11 kB[22m[1m[22m[2m │ gzip:  0.11 kB[22m
[2mdist/[22m[36mdialog/index.js                  [39m[1m[2m 0.11 kB[22m[1m[22m[2m │ gzip:  0.11 kB[22m
[2mdist/[22m[36mform/index.js                    [39m[1m[2m 0.12 kB[22m[1m[22m[2m │ gzip:  0.11 kB[22m
[2mdist/[22m[36mtoolbar/index.js                 [39m[1m[2m 0.12 kB[22m[1m[22m[2m │ gzip:  0.12 kB[22m
[2mdist/[22m[36mcombobox/index.js                [39m[1m[2m 0.12 kB[22m[1m[22m[2m │ gzip:  0.12 kB[22m
[2mdist/[22m[36mlayout/index.js                  [39m[1m[2m 0.16 kB[22m[1m[22m[2m │ gzip:  0.14 kB[22m
[2mdist/[22m[36mtextfield/index.js               [39m[1m[2m 0.16 kB[22m[1m[22m[2m │ gzip:  0.13 kB[22m
[2mdist/[22m[36mnumberfield/index.js             [39m[1m[2m 0.17 kB[22m[1m[22m[2m │ gzip:  0.14 kB[22m
[2mdist/[22m[36mdatepicker/index.js              [39m[1m[2m 0.27 kB[22m[1m[22m[2m │ gzip:  0.19 kB[22m
[2mdist/[22m[36mchart/index.js                   [39m[1m[2m 0.29 kB[22m[1m[22m[2m │ gzip:  0.19 kB[22m
[2mdist/[22m[36mgrid/index.js                    [39m[1m[2m 0.66 kB[22m[1m[22m[2m │ gzip:  0.31 kB[22m
[2mdist/[22m[36mdestroyable-element-D51cI_tZ.js  [39m[1m[2m 0.85 kB[22m[1m[22m[2m │ gzip:  0.45 kB[22m
[2mdist/[22m[36mpanel-DzrZMdr-.js                [39m[1m[2m 1.52 kB[22m[1m[22m[2m │ gzip:  0.75 kB[22m
[2mdist/[22m[36mlabel/index.js                   [39m[1m[2m 1.67 kB[22m[1m[22m[2m │ gzip:  0.70 kB[22m
[2mdist/[22m[36mtoolbar-builder-WoLJ-WDf.js      [39m[1m[2m 2.60 kB[22m[1m[22m[2m │ gzip:  0.82 kB[22m
[2mdist/[22m[36micons-fz3j4RZT.js                [39m[1m[2m 2.64 kB[22m[1m[22m[2m │ gzip:  1.20 kB[22m
[2mdist/[22m[36mfield-id-DGqyn2_N.js             [39m[1m[2m 2.98 kB[22m[1m[22m[2m │ gzip:  1.32 kB[22m
[2mdist/[22m[36mcheckbox-CdM29gDk.js             [39m[1m[2m 3.32 kB[22m[1m[22m[2m │ gzip:  1.22 kB[22m
[2mdist/[22m[36mlayout-CBV_miip.js               [39m[1m[2m 3.62 kB[22m[1m[22m[2m │ gzip:  1.35 kB[22m
[2mdist/[22m[36mbutton-C_cAyXEk.js               [39m[1m[2m 3.97 kB[22m[1m[22m[2m │ gzip:  1.48 kB[22m
[2mdist/[22m[36mform-builder-CINdpolJ.js         [39m[1m[2m 4.20 kB[22m[1m[22m[2m │ gzip:  1.30 kB[22m
[2mdist/[22m[36mindex.js                         [39m[1m[2m 4.49 kB[22m[1m[22m[2m │ gzip:  1.74 kB[22m
[2mdist/[22m[36mtabs-BgnqcGWL.js                 [39m[1m[2m 4.70 kB[22m[1m[22m[2m │ gzip:  1.56 kB[22m
[2mdist/[22m[36mdialog-Tb38xEns.js               [39m[1m[2m 4.82 kB[22m[1m[22m[2m │ gzip:  1.66 kB[22m
[2mdist/[22m[36mlistbox-AgQCL32E.js              [39m[1m[2m 5.01 kB[22m[1m[22m[2m │ gzip:  1.73 kB[22m
[2mdist/[22m[36mtext-field-BwbadUpP.js           [39m[1m[2m 9.07 kB[22m[1m[22m[2m │ gzip:  2.98 kB[22m
[2mdist/[22m[36mstartWith-D7k5baRl.js            [39m[1m[2m10.09 kB[22m[1m[22m[2m │ gzip:  2.75 kB[22m
[2mdist/[22m[36mnumber-field-Blu2QEd-.js         [39m[1m[2m12.38 kB[22m[1m[22m[2m │ gzip:  3.65 kB[22m
[2mdist/[22m[36mcombobox-builder-d_Cn1S6x.js     [39m[1m[2m12.66 kB[22m[1m[22m[2m │ gzip:  3.89 kB[22m
[2mdist/[22m[36mmap-DqDc5iNP.js                  [39m[1m[2m13.06 kB[22m[1m[22m[2m │ gzip:  3.73 kB[22m
[2mdist/[22m[36mdatepicker-builder-CO0kjojJ.js   [39m[1m[2m13.88 kB[22m[1m[22m[2m │ gzip:  4.24 kB[22m
[2mdist/[22m[36mchart-builder-2FJN_ANB.js        [39m[1m[2m24.87 kB[22m[1m[22m[2m │ gzip:  6.30 kB[22m
[2mdist/[22m[36mgrid-builder-BF-eWjW-.js         [39m[1m[2m34.39 kB[22m[1m[22m[2m │ gzip:  8.42 kB[22m
[2mdist/[22m[36mbundle-mjs-C-fAsw3z.js           [39m[1m[2m59.63 kB[22m[1m[22m[2m │ gzip: 10.67 kB[22m
[32m✓ built in 1.25s[39m

> aura-components@0.1.1 build:css
> tailwindcss -i ./src/index.css -o ./dist/a1-components.css --minify

[1G[0KBrowserslist: caniuse-lite is outdated. Please run:
  npx update-browserslist-db@latest
  Why you should do it regularly: https://github.com/browserslist/update-db#readme

Rebuilding...

Done in 572ms.
[1G[0K\[1G[0K
> aura-components@0.1.1 build:types
> tsc -p tsconfig.build.json

[1G[0K[1G[0K\[1G[0K  components/button/button.d.ts → button/button.d.ts
  components/button/index.d.ts → button/index.d.ts
  components/chart/axis-renderer.d.ts → chart/axis-renderer.d.ts
  components/chart/builders/axis-builder.d.ts → chart/builders/axis-builder.d.ts
  components/chart/builders/chart-type-builders.d.ts → chart/builders/chart-type-builders.d.ts
  components/chart/chart-builder.d.ts → chart/chart-builder.d.ts
  components/chart/chart-legend.d.ts → chart/chart-legend.d.ts
  components/chart/chart-logic.d.ts → chart/chart-logic.d.ts
  components/chart/chart-svg-area.d.ts → chart/chart-svg-area.d.ts
  components/chart/chart-tooltip.d.ts → chart/chart-tooltip.d.ts
  components/chart/chart-viewport.d.ts → chart/chart-viewport.d.ts
  components/chart/index.d.ts → chart/index.d.ts
  components/chart/series-renderer.d.ts → chart/series-renderer.d.ts
  components/chart/styles.d.ts → chart/styles.d.ts
  components/chart/types.d.ts → chart/types.d.ts
  components/checkbox/checkbox.d.ts → checkbox/checkbox.d.ts
  components/checkbox/index.d.ts → checkbox/index.d.ts
  components/combobox/combobox-builder.d.ts → combobox/combobox-builder.d.ts
  components/combobox/combobox-input.d.ts → combobox/combobox-input.d.ts
  components/combobox/combobox-item.d.ts → combobox/combobox-item.d.ts
  components/combobox/combobox-list.d.ts → combobox/combobox-list.d.ts
  components/combobox/index.d.ts → combobox/index.d.ts
  components/combobox/styles.d.ts → combobox/styles.d.ts
  components/combobox/types.d.ts → combobox/types.d.ts
  components/component-parts/error-popover.d.ts → component-parts/error-popover.d.ts
  components/component-parts/field-affix.d.ts → component-parts/field-affix.d.ts
  components/component-parts/field-id.d.ts → component-parts/field-id.d.ts
  components/component-parts/field-label.d.ts → component-parts/field-label.d.ts
  components/component-parts/field-support-text.d.ts → component-parts/field-support-text.d.ts
  components/component-parts/index.d.ts → component-parts/index.d.ts
  components/date-picker/calendar.d.ts → datepicker/calendar.d.ts
  components/date-picker/date-utils.d.ts → datepicker/date-utils.d.ts
  components/date-picker/datepicker-builder.d.ts → datepicker/datepicker-builder.d.ts
  components/date-picker/index.d.ts → datepicker/index.d.ts
  components/date-picker/types.d.ts → datepicker/types.d.ts
  components/dialog/dialog.d.ts → dialog/dialog.d.ts
  components/dialog/index.d.ts → dialog/index.d.ts
  components/form/fields-builder.d.ts → form/fields-builder.d.ts
  components/form/form-builder.d.ts → form/form-builder.d.ts
  components/form/index.d.ts → form/index.d.ts
  components/form/styles.d.ts → form/styles.d.ts
  components/form/types.d.ts → form/types.d.ts
  components/grid/actions-builder.d.ts → grid/actions-builder.d.ts
  components/grid/columns/base-column-builder.d.ts → grid/columns/base-column-builder.d.ts
  components/grid/columns/boolean-column.d.ts → grid/columns/boolean-column.d.ts
  components/grid/columns/button-column.d.ts → grid/columns/button-column.d.ts
  components/grid/columns/columns-builder.d.ts → grid/columns/columns-builder.d.ts
  components/grid/columns/custom-column.d.ts → grid/columns/custom-column.d.ts
  components/grid/columns/date-column.d.ts → grid/columns/date-column.d.ts
  components/grid/columns/datetime-column.d.ts → grid/columns/datetime-column.d.ts
  components/grid/columns/enum-column.d.ts → grid/columns/enum-column.d.ts
  components/grid/columns/icon-column.d.ts → grid/columns/icon-column.d.ts
  components/grid/columns/index.d.ts → grid/columns/index.d.ts
  components/grid/columns/money-column.d.ts → grid/columns/money-column.d.ts
  components/grid/columns/number-column.d.ts → grid/columns/number-column.d.ts
  components/grid/columns/percentage-column.d.ts → grid/columns/percentage-column.d.ts
  components/grid/columns/text-column.d.ts → grid/columns/text-column.d.ts
  components/grid/grid-builder.d.ts → grid/grid-builder.d.ts
  components/grid/grid-group-row.d.ts → grid/grid-group-row.d.ts
  components/grid/grid-header.d.ts → grid/grid-header.d.ts
  components/grid/grid-logic.d.ts → grid/grid-logic.d.ts
  components/grid/grid-row.d.ts → grid/grid-row.d.ts
  components/grid/grid-styles.d.ts → grid/grid-styles.d.ts
  components/grid/grid-viewport.d.ts → grid/grid-viewport.d.ts
  components/grid/index.d.ts → grid/index.d.ts
  components/grid/pivot-logic.d.ts → grid/pivot-logic.d.ts
  components/grid/types.d.ts → grid/types.d.ts
  components/label/index.d.ts → label/index.d.ts
  components/label/label.d.ts → label/label.d.ts
  components/layout/index.d.ts → layout/index.d.ts
  components/layout/layout.d.ts → layout/layout.d.ts
  components/listbox/index.d.ts → listbox/index.d.ts
  components/listbox/listbox.d.ts → listbox/listbox.d.ts
  components/listbox/types.d.ts → listbox/types.d.ts
  components/number-field/index.d.ts → numberfield/index.d.ts
  components/number-field/number-field-error.d.ts → numberfield/number-field-error.d.ts
  components/number-field/number-field-icon.d.ts → numberfield/number-field-icon.d.ts
  components/number-field/number-field-label.d.ts → numberfield/number-field-label.d.ts
  components/number-field/number-field-logic.d.ts → numberfield/number-field-logic.d.ts
  components/number-field/number-field.d.ts → numberfield/number-field.d.ts
  components/panel/index.d.ts → panel/index.d.ts
  components/panel/panel.d.ts → panel/panel.d.ts
  components/tabs/index.d.ts → tabs/index.d.ts
  components/tabs/tab-builder.d.ts → tabs/tab-builder.d.ts
  components/tabs/tabs.d.ts → tabs/tabs.d.ts
  components/tabs/types.d.ts → tabs/types.d.ts
  components/text-field/index.d.ts → textfield/index.d.ts
  components/text-field/text-field-error.d.ts → textfield/text-field-error.d.ts
  components/text-field/text-field-icon.d.ts → textfield/text-field-icon.d.ts
  components/text-field/text-field-label.d.ts → textfield/text-field-label.d.ts
  components/text-field/text-field-logic.d.ts → textfield/text-field-logic.d.ts
  components/text-field/text-field.d.ts → textfield/text-field.d.ts
  components/toolbar/index.d.ts → toolbar/index.d.ts
  components/toolbar/styles.d.ts → toolbar/styles.d.ts
  components/toolbar/toolbar-builder.d.ts → toolbar/toolbar-builder.d.ts
  removed dist/components/
  rewrote imports in index.d.ts
Generated manifest with 23 components
[1G[0K\[1G[0K[1G[0K\[1G[0K|[1G[0K[1mnpm[22m [96mnotice[39m
[1G[0K|[1G[0K[1mnpm[22m [96mnotice[39m package: aura-components@0.1.1
[1G[0K|[1G[0K[1mnpm[22m [96mnotice[39m [94mTarball Contents[39m
[1G[0K|[1G[0K[1mnpm[22m [96mnotice[39m 32.2kB dist/a1-components.css
[1mnpm[22m [96mnotice[39m 59.6kB dist/bundle-mjs-C-fAsw3z.js
[1mnpm[22m [96mnotice[39m 4.0kB dist/button-C_cAyXEk.js
[1mnpm[22m [96mnotice[39m 920B dist/button/button.d.ts
[1mnpm[22m [96mnotice[39m 26B dist/button/index.d.ts
[1mnpm[22m [96mnotice[39m 99B dist/button/index.js
[1mnpm[22m [96mnotice[39m 24.9kB dist/chart-builder-2FJN_ANB.js
[1mnpm[22m [96mnotice[39m 262B dist/chart/axis-renderer.d.ts
[1mnpm[22m [96mnotice[39m 710B dist/chart/builders/axis-builder.d.ts
[1mnpm[22m [96mnotice[39m 1.5kB dist/chart/builders/chart-type-builders.d.ts
[1mnpm[22m [96mnotice[39m 1.1kB dist/chart/chart-builder.d.ts
[1mnpm[22m [96mnotice[39m 195B dist/chart/chart-legend.d.ts
[1mnpm[22m [96mnotice[39m 1.3kB dist/chart/chart-logic.d.ts
[1mnpm[22m [96mnotice[39m 644B dist/chart/chart-svg-area.d.ts
[1mnpm[22m [96mnotice[39m 247B dist/chart/chart-tooltip.d.ts
[1mnpm[22m [96mnotice[39m 427B dist/chart/chart-viewport.d.ts
[1mnpm[22m [96mnotice[39m 290B dist/chart/index.d.ts
[1mnpm[22m [96mnotice[39m 290B dist/chart/index.js
[1mnpm[22m [96mnotice[39m 343B dist/chart/series-renderer.d.ts
[1mnpm[22m [96mnotice[39m 289B dist/chart/styles.d.ts
[1mnpm[22m [96mnotice[39m 3.4kB dist/chart/types.d.ts
[1mnpm[22m [96mnotice[39m 3.3kB dist/checkbox-CdM29gDk.js
[1mnpm[22m [96mnotice[39m 555B dist/checkbox/checkbox.d.ts
[1mnpm[22m [96mnotice[39m 28B dist/checkbox/index.d.ts
[1mnpm[22m [96mnotice[39m 85B dist/checkbox/index.js
[1mnpm[22m [96mnotice[39m 12.7kB dist/combobox-builder-d_Cn1S6x.js
[1mnpm[22m [96mnotice[39m 1.4kB dist/combobox/combobox-builder.d.ts
[1mnpm[22m [96mnotice[39m 327B dist/combobox/combobox-input.d.ts
[1mnpm[22m [96mnotice[39m 470B dist/combobox/combobox-item.d.ts
[1mnpm[22m [96mnotice[39m 133B dist/combobox/combobox-list.d.ts
[1mnpm[22m [96mnotice[39m 36B dist/combobox/index.d.ts
[1mnpm[22m [96mnotice[39m 123B dist/combobox/index.js
[1mnpm[22m [96mnotice[39m 205B dist/combobox/styles.d.ts
[1mnpm[22m [96mnotice[39m 206B dist/combobox/types.d.ts
[1mnpm[22m [96mnotice[39m 12.5kB dist/component-manifest.json
[1mnpm[22m [96mnotice[39m 220B dist/component-parts/error-popover.d.ts
[1mnpm[22m [96mnotice[39m 334B dist/component-parts/field-affix.d.ts
[1mnpm[22m [96mnotice[39m 65B dist/component-parts/field-id.d.ts
[1mnpm[22m [96mnotice[39m 210B dist/component-parts/field-label.d.ts
[1mnpm[22m [96mnotice[39m 211B dist/component-parts/field-support-text.d.ts
[1mnpm[22m [96mnotice[39m 287B dist/component-parts/index.d.ts
[1mnpm[22m [96mnotice[39m 135B dist/core/component-builder.d.ts
[1mnpm[22m [96mnotice[39m 138B dist/core/destroyable-element.d.ts
[1mnpm[22m [96mnotice[39m 2.7kB dist/core/icons.d.ts
[1mnpm[22m [96mnotice[39m 13.9kB dist/datepicker-builder-CO0kjojJ.js
[1mnpm[22m [96mnotice[39m 122B dist/datepicker/calendar.d.ts
[1mnpm[22m [96mnotice[39m 427B dist/datepicker/date-utils.d.ts
[1mnpm[22m [96mnotice[39m 1.1kB dist/datepicker/datepicker-builder.d.ts
[1mnpm[22m [96mnotice[39m 93B dist/datepicker/index.d.ts
[1mnpm[22m [96mnotice[39m 270B dist/datepicker/index.js
[1mnpm[22m [96mnotice[39m 478B dist/datepicker/types.d.ts
[1mnpm[22m [96mnotice[39m 846B dist/destroyable-element-D51cI_tZ.js
[1mnpm[22m [96mnotice[39m 4.8kB dist/dialog-Tb38xEns.js
[1mnpm[22m [96mnotice[39m 1.1kB dist/dialog/dialog.d.ts
[1mnpm[22m [96mnotice[39m 26B dist/dialog/index.d.ts
[1mnpm[22m [96mnotice[39m 108B dist/dialog/index.js
[1mnpm[22m [96mnotice[39m 3.0kB dist/field-id-DGqyn2_N.js
[1mnpm[22m [96mnotice[39m 4.2kB dist/form-builder-CINdpolJ.js
[1mnpm[22m [96mnotice[39m 1.3kB dist/form/fields-builder.d.ts
[1mnpm[22m [96mnotice[39m 796B dist/form/form-builder.d.ts
[1mnpm[22m [96mnotice[39m 91B dist/form/index.d.ts
[1mnpm[22m [96mnotice[39m 115B dist/form/index.js
[1mnpm[22m [96mnotice[39m 186B dist/form/styles.d.ts
[1mnpm[22m [96mnotice[39m 932B dist/form/types.d.ts
[1mnpm[22m [96mnotice[39m 34.4kB dist/grid-builder-BF-eWjW-.js
[1mnpm[22m [96mnotice[39m 275B dist/grid/actions-builder.d.ts
[1mnpm[22m [96mnotice[39m 754B dist/grid/columns/base-column-builder.d.ts
[1mnpm[22m [96mnotice[39m 411B dist/grid/columns/boolean-column.d.ts
[1mnpm[22m [96mnotice[39m 513B dist/grid/columns/button-column.d.ts
[1mnpm[22m [96mnotice[39m 1.4kB dist/grid/columns/columns-builder.d.ts
[1mnpm[22m [96mnotice[39m 372B dist/grid/columns/custom-column.d.ts
[1mnpm[22m [96mnotice[39m 301B dist/grid/columns/date-column.d.ts
[1mnpm[22m [96mnotice[39m 246B dist/grid/columns/datetime-column.d.ts
[1mnpm[22m [96mnotice[39m 341B dist/grid/columns/enum-column.d.ts
[1mnpm[22m [96mnotice[39m 432B dist/grid/columns/icon-column.d.ts
[1mnpm[22m [96mnotice[39m 435B dist/grid/columns/index.d.ts
[1mnpm[22m [96mnotice[39m 308B dist/grid/columns/money-column.d.ts
[1mnpm[22m [96mnotice[39m 309B dist/grid/columns/number-column.d.ts
[1mnpm[22m [96mnotice[39m 248B dist/grid/columns/percentage-column.d.ts
[1mnpm[22m [96mnotice[39m 316B dist/grid/columns/text-column.d.ts
[1mnpm[22m [96mnotice[39m 1.1kB dist/grid/grid-builder.d.ts
[1mnpm[22m [96mnotice[39m 441B dist/grid/grid-group-row.d.ts
[1mnpm[22m [96mnotice[39m 775B dist/grid/grid-header.d.ts
[1mnpm[22m [96mnotice[39m 1.1kB dist/grid/grid-logic.d.ts
[1mnpm[22m [96mnotice[39m 933B dist/grid/grid-row.d.ts
[1mnpm[22m [96mnotice[39m 915B dist/grid/grid-styles.d.ts
[1mnpm[22m [96mnotice[39m 1.1kB dist/grid/grid-viewport.d.ts
[1mnpm[22m [96mnotice[39m 119B dist/grid/index.d.ts
[1mnpm[22m [96mnotice[39m 664B dist/grid/index.js
[1mnpm[22m [96mnotice[39m 502B dist/grid/pivot-logic.d.ts
[1mnpm[22m [96mnotice[39m 2.1kB dist/grid/types.d.ts
[1mnpm[22m [96mnotice[39m 2.6kB dist/icons-fz3j4RZT.js
[1mnpm[22m [96mnotice[39m 557B dist/index.d.ts
[1mnpm[22m [96mnotice[39m 4.5kB dist/index.js
[1mnpm[22m [96mnotice[39m 25B dist/label/index.d.ts
[1mnpm[22m [96mnotice[39m 1.7kB dist/label/index.js
[1mnpm[22m [96mnotice[39m 570B dist/label/label.d.ts
[1mnpm[22m [96mnotice[39m 3.6kB dist/layout-CBV_miip.js
[1mnpm[22m [96mnotice[39m 119B dist/layout/index.d.ts
[1mnpm[22m [96mnotice[39m 158B dist/layout/index.js
[1mnpm[22m [96mnotice[39m 1.3kB dist/layout/layout.d.ts
[1mnpm[22m [96mnotice[39m 5.0kB dist/listbox-AgQCL32E.js
[1mnpm[22m [96mnotice[39m 52B dist/listbox/index.d.ts
[1mnpm[22m [96mnotice[39m 107B dist/listbox/index.js
[1mnpm[22m [96mnotice[39m 1.1kB dist/listbox/listbox.d.ts
[1mnpm[22m [96mnotice[39m 84B dist/listbox/types.d.ts
[1mnpm[22m [96mnotice[39m 13.1kB dist/map-DqDc5iNP.js
[1mnpm[22m [96mnotice[39m 12.4kB dist/number-field-Blu2QEd-.js
[1mnpm[22m [96mnotice[39m 32B dist/numberfield/index.d.ts
[1mnpm[22m [96mnotice[39m 167B dist/numberfield/index.js
[1mnpm[22m [96mnotice[39m 163B dist/numberfield/number-field-error.d.ts
[1mnpm[22m [96mnotice[39m 91B dist/numberfield/number-field-icon.d.ts
[1mnpm[22m [96mnotice[39m 78B dist/numberfield/number-field-label.d.ts
[1mnpm[22m [96mnotice[39m 1.5kB dist/numberfield/number-field-logic.d.ts
[1mnpm[22m [96mnotice[39m 1.5kB dist/numberfield/number-field.d.ts
[1mnpm[22m [96mnotice[39m 1.5kB dist/panel-DzrZMdr-.js
[1mnpm[22m [96mnotice[39m 25B dist/panel/index.d.ts
[1mnpm[22m [96mnotice[39m 104B dist/panel/index.js
[1mnpm[22m [96mnotice[39m 578B dist/panel/panel.d.ts
[1mnpm[22m [96mnotice[39m 10.1kB dist/startWith-D7k5baRl.js
[1mnpm[22m [96mnotice[39m 4.7kB dist/tabs-BgnqcGWL.js
[1mnpm[22m [96mnotice[39m 80B dist/tabs/index.d.ts
[1mnpm[22m [96mnotice[39m 104B dist/tabs/index.js
[1mnpm[22m [96mnotice[39m 391B dist/tabs/tab-builder.d.ts
[1mnpm[22m [96mnotice[39m 586B dist/tabs/tabs.d.ts
[1mnpm[22m [96mnotice[39m 54B dist/tabs/types.d.ts
[1mnpm[22m [96mnotice[39m 9.1kB dist/text-field-BwbadUpP.js
[1mnpm[22m [96mnotice[39m 30B dist/textfield/index.d.ts
[1mnpm[22m [96mnotice[39m 161B dist/textfield/index.js
[1mnpm[22m [96mnotice[39m 155B dist/textfield/text-field-error.d.ts
[1mnpm[22m [96mnotice[39m 317B dist/textfield/text-field-icon.d.ts
[1mnpm[22m [96mnotice[39m 76B dist/textfield/text-field-label.d.ts
[1mnpm[22m [96mnotice[39m 1.1kB dist/textfield/text-field-logic.d.ts
[1mnpm[22m [96mnotice[39m 1.2kB dist/textfield/text-field.d.ts
[1mnpm[22m [96mnotice[39m 58B dist/theme/index.d.ts
[1mnpm[22m [96mnotice[39m 466B dist/theme/theme-manager.d.ts
[1mnpm[22m [96mnotice[39m 157B dist/theme/types.d.ts
[1mnpm[22m [96mnotice[39m 2.6kB dist/toolbar-builder-WoLJ-WDf.js
[1mnpm[22m [96mnotice[39m 61B dist/toolbar/index.d.ts
[1mnpm[22m [96mnotice[39m 122B dist/toolbar/index.js
[1mnpm[22m [96mnotice[39m 65B dist/toolbar/styles.d.ts
[1mnpm[22m [96mnotice[39m 590B dist/toolbar/toolbar-builder.d.ts
[1mnpm[22m [96mnotice[39m 574B dist/utils/number.d.ts
[1mnpm[22m [96mnotice[39m 370B dist/utils/validators.d.ts
[1mnpm[22m [96mnotice[39m 3.2kB package.json
[1G[0K|[1G[0K[1mnpm[22m [96mnotice[39m [94mTarball Details[39m
[1G[0K|[1G[0K[1mnpm[22m [96mnotice[39m name: aura-components
[1G[0K|[1G[0K[1mnpm[22m [96mnotice[39m version: 0.1.1
[1G[0K|[1G[0K[1mnpm[22m [96mnotice[39m filename: aura-components-0.1.1.tgz
[1G[0K|[1G[0K[1mnpm[22m [96mnotice[39m package size: 78.1 kB
[1G[0K|[1G[0K[1mnpm[22m [96mnotice[39m unpacked size: 342.8 kB
[1G[0K|[1G[0K[1mnpm[22m [96mnotice[39m shasum: 42462e3525733e80ee17bcc237c30cef4adac40e
[1G[0K|[1G[0K[1mnpm[22m [96mnotice[39m integrity: sha512-JXLpwiC8zkyye[...]Y/9ZaXINMF8SQ==
[1G[0K|[1G[0K[1mnpm[22m [96mnotice[39m total files: 145
[1G[0K|[1G[0K[1mnpm[22m [96mnotice[39m
[1G[0K|[1G[0Kaura-components-0.1.1.tgz
[1G[0K|[1G[0K[1G[0K\[1G[0K
